
<!DOCTYPE html>
<html>
<head>
  <meta charset="utf-8">
  <meta name="viewport" content="width=device-width, initial-scale=1, shrink-to-fit=no">
  <title>Extent Framework</title>
  <link rel="apple-touch-icon" href="https://cdn.rawgit.com/extent-framework/extent-github-cdn/d74480e/commons/img/logo.png">
  <link rel="shortcut icon" href="https://cdn.rawgit.com/extent-framework/extent-github-cdn/d74480e/commons/img/logo.png">
  <link href="https://cdn.rawgit.com/extent-framework/extent-github-cdn/cd00a5e/spark/css/style.css" rel="stylesheet" />
  <link href="https://stackpath.bootstrapcdn.com/font-awesome/4.7.0/css/font-awesome.min.css" rel="stylesheet">
  <style> </style>
</head>
<script src="https://cdn.rawgit.com/extent-framework/extent-github-cdn/7cc78ce/spark/js/jsontree.js"></script>



<body class="test-view  standard">
    <div class="app header-dark side-nav-folded">
        <div class="layout">
            <div class="header navbar">
    <div class="header-container">
        <div class="nav-logo">
          <a href="index.html">
            <div class="logo logo-dark" style="background-image: url('https://cdn.rawgit.com/extent-framework/extent-github-cdn/d74480e/commons/img/logo.png')"></div>
            <div class="logo logo-white" style="background-image: url('https://cdn.rawgit.com/extent-framework/extent-github-cdn/d74480e/commons/img/logo.png')"></div>
          </a>
        </div>
        <ul class="nav-left">
          <li>
            <a class="sidenav-fold-toggler" href="javascript:void(0);">
              <i class="fa fa-bars"></i>
            </a>
            <a class="sidenav-expand-toggler" href="javascript:void(0);">
              <i class="fa fa-bars"></i>
            </a>
          </li>
          <li class="search-box">
            <a class="search-toggle" href="javascript:void(0);">
              <i class="search-icon fa fa-search"></i>
              <i class="search-icon-close fa fa-close"></i>
            </a>
          </li>
          <li class="search-input">
            <input id="search-tests" class="form-control" type="text" placeholder="Type to search...">
          </li>
        </ul>
        <ul class="nav-right">
          <li class="m-r-10">
            <a href="#">
              <span class="badge badge-primary">Extent Framework</span>
            </a>
          </li>
            <li class="m-r-10">
                <a href="#">
                    <span class="badge badge-primary">5/8/2019 3:59:09 PM</span>
                </a>
            </li>
        </ul>
    </div>
</div>
            <div class="side-nav side-nav-folded">
  <div class="side-nav-inner">
    <ul class="side-nav-menu scrollable">
      <li class="nav-item dropdown">
        <a id="nav-test" class="dropdown-toggle" href="index.html">
          <span class="icon-holder">
            <i class="fa fa-align-left"></i>
          </span>
          <span class="title">Tests</span>
        </a>
      </li>
            <li class="nav-item dropdown">
        <a id="nav-dashboard" class="dropdown-toggle" href="dashboard.html">
          <span class="icon-holder">
            <i class="fa fa-bar-chart"></i>
          </span>
          <span class="title">Dashboard</span>
        </a>
      </li>
    </ul>
  </div>
  <div class="side-nav-controls">
    <ul>
      <li>
        <a href="#" class="lightsout" style="color:#8a8a8a;">
          <i class="fa fa-desktop"></i>"</a>
      </li>
    </ul>
  </div>
</div>

            <div class="page-container">
                <div class="main-content">
                    <div class="test-wrapper row">
                        <div class="test-list">
                            <div class="test-list-tools">
                                <ul class="tools pull-left">
                                    <li>
                                        <a href="">
                                            <span class="font-size-14">Tests</span>
                                        </a>
                                    </li> 
                                </ul>
                                <ul class="tools text-right">
									<li class="user-profile dropdown dropdown-animated scale-left">
										<a href="#" class="dropdown-toggle" data-toggle="dropdown">
											<i class="fa fa-exclamation-circle"></i>
										</a>
										<ul id="status-toggle" class="dropdown-menu dropdown-md p-v-0">
<a status="pass" class="dropdown-item" href="#"><span>Pass</span><span class="status success pull-right"></span></a>											<a status="fail" class="dropdown-item" href="#"><span>Fail</span><span class="status danger pull-right"></span></a>																																																							<div class="dropdown-divider"></div>
											<a status="clear" class="dropdown-item" href="#"><span>Clear</span><span class="pull-right"><i class="fa fa-close"></i></span></a>
										</ul>
									</li>
																		                                </ul>
                            </div>
                            <div class="test-list-wrapper scrollable">
                                <ul class="test-list-item">
										<li class="test-item" status="pass" author="" device="" tag=""> 
											<div class="status-avatar pass-bg">
												<i class="fa fa-check text-white"></i>
											</div>
											<div class="open-test">
												<div class="test-detail"> 
													<p class="name">Advisor_Request</p> 
													<p class="duration text-sm">0h:0m:25s+498ms</p> 
													<span class="datetime">15:59:15 PM</span>
												</div>
											</div>
											<div class="test-contents d-none">
												<div class="detail-head">
													<div class="p-v-10 d-inline-block">	
														<div class="info">
															<h5 class="test-status text-pass">Advisor_Request</h5>
															<span class='badge badge-success'>5/8/2019 3:59:15 PM</span>
															<span class='badge badge-danger'>5/8/2019 3:59:41 PM</span>
															<span class='badge badge-default'>0h:0m:25s+498ms</span>
														</div>
																											</div>
												</div>
<div class="detail-body mt-4">												
	
<table class="table table-sm">
	<thead><tr>
		<th class="status-col">Status</th>
		<th class="timestamp-col">Timestamp</th>
		<th class="details-col">Details</th>
	</tr></thead>
	<tbody>
			<tr class="event-row">
				<td><i class="fa fa-info text-info"></i></td>
				<td>15:59:15</td>
				<td>
Test started									</td>
			</tr>
			<tr class="event-row">
				<td><i class="fa fa-info text-info"></i></td>
				<td>15:59:15</td>
				<td>
Browser is launched									</td>
			</tr>
			<tr class="event-row">
				<td><i class="fa fa-info text-info"></i></td>
				<td>15:59:27</td>
				<td>
Valid input data for cphContent_cphContentMain_ctl00_ctl00_rptSubjectFields_txtVoornaam_0									</td>
			</tr>
			<tr class="event-row">
				<td><i class="fa fa-info text-info"></i></td>
				<td>15:59:27</td>
				<td>
Valid input data for cphContent_cphContentMain_ctl00_ctl00_rptSubjectFields_txtAchternaam_1									</td>
			</tr>
			<tr class="event-row">
				<td><i class="fa fa-info text-info"></i></td>
				<td>15:59:27</td>
				<td>
Valid input data for cphContent_cphContentMain_ctl00_ctl00_rptSubjectFields_txtTelefoonnummer_2									</td>
			</tr>
			<tr class="event-row">
				<td><i class="fa fa-info text-info"></i></td>
				<td>15:59:27</td>
				<td>
Valid input data for cphContent_cphContentMain_ctl00_ctl00_rptSubjectFields_txtPostcode_3									</td>
			</tr>
			<tr class="event-row">
				<td><i class="fa fa-info text-info"></i></td>
				<td>15:59:27</td>
				<td>
Valid input data for cphContent_cphContentMain_ctl00_ctl00_rptSubjectFields_txtHuisnummer_4									</td>
			</tr>
			<tr class="event-row">
				<td><i class="fa fa-info text-info"></i></td>
				<td>15:59:27</td>
				<td>
Valid input data for cphContent_cphContentMain_ctl00_ctl00_txtEmailAddress									</td>
			</tr>
			<tr class="event-row">
				<td><i class="fa fa-info text-info"></i></td>
				<td>15:59:41</td>
				<td>
Thank you step									</td>
			</tr>
			<tr class="event-row">
				<td><i class="fa fa-check text-pass"></i></td>
				<td>15:59:41</td>
				<td>
Success									</td>
			</tr>
	</tbody>
</table>

</div>    
											</div>
										</li>
										<li class="test-item" status="fail" author="" device="" tag=""> 
											<div class="status-avatar fail-bg">
												<i class="fa fa-times text-white"></i>
											</div>
											<div class="open-test">
												<div class="test-detail"> 
													<p class="name">Sample_Order</p> 
													<p class="duration text-sm">0h:0m:48s+986ms</p> 
													<span class="datetime">15:59:16 PM</span>
												</div>
											</div>
											<div class="test-contents d-none">
												<div class="detail-head">
													<div class="p-v-10 d-inline-block">	
														<div class="info">
															<h5 class="test-status text-fail">Sample_Order</h5>
															<span class='badge badge-success'>5/8/2019 3:59:16 PM</span>
															<span class='badge badge-danger'>5/8/2019 4:00:05 PM</span>
															<span class='badge badge-default'>0h:0m:48s+986ms</span>
														</div>
																											</div>
												</div>
<div class="detail-body mt-4">												
	
<table class="table table-sm">
	<thead><tr>
		<th class="status-col">Status</th>
		<th class="timestamp-col">Timestamp</th>
		<th class="details-col">Details</th>
	</tr></thead>
	<tbody>
			<tr class="event-row">
				<td><i class="fa fa-info text-info"></i></td>
				<td>15:59:16</td>
				<td>
Test started									</td>
			</tr>
			<tr class="event-row">
				<td><i class="fa fa-info text-info"></i></td>
				<td>15:59:16</td>
				<td>
Browser is launched									</td>
			</tr>
			<tr class="event-row">
				<td><i class="fa fa-info text-info"></i></td>
				<td>16:00:05</td>
				<td>
Can not reach Thank you page. Check error bellow:									</td>
			</tr>
			<tr class="event-row">
				<td><i class="fa fa-times text-fail"></i></td>
				<td>16:00:05</td>
				<td>
OpenQA.Selenium.WebDriverTimeoutException: Timed out after 20 seconds
   at OpenQA.Selenium.Support.UI.DefaultWait`1.ThrowTimeoutException(String exceptionMessage, Exception lastException)
   at OpenQA.Selenium.Support.UI.DefaultWait`1.Until[TResult](Func`2 condition)
   at NUnit.Tests_Parallel.CommonFunctionsUtility_StressTests.CheckIfLoadedXpath(String elemXpath) in D:\Veneta\Veneta\NUnit.Tests\Parallel_StressTests_MainFlows\CommonFunctionsUtility_StressTests.cs:line 286
   at NUnit.Tests_Parallel.SampleOrder_r2.SampleOrders_r2() in D:\Veneta\Veneta\NUnit.Tests\Parallel_StressTests_MainFlows\SampleOrder1.cs:line 39									</td>
			</tr>
	</tbody>
</table>

</div>    
											</div>
										</li>
										<li class="test-item" status="fail" author="" device="" tag=""> 
											<div class="status-avatar fail-bg">
												<i class="fa fa-times text-white"></i>
											</div>
											<div class="open-test">
												<div class="test-detail"> 
													<p class="name">Sample_Order</p> 
													<p class="duration text-sm">0h:0m:26s+295ms</p> 
													<span class="datetime">15:59:16 PM</span>
												</div>
											</div>
											<div class="test-contents d-none">
												<div class="detail-head">
													<div class="p-v-10 d-inline-block">	
														<div class="info">
															<h5 class="test-status text-fail">Sample_Order</h5>
															<span class='badge badge-success'>5/8/2019 3:59:16 PM</span>
															<span class='badge badge-danger'>5/8/2019 3:59:42 PM</span>
															<span class='badge badge-default'>0h:0m:26s+295ms</span>
														</div>
																											</div>
												</div>
<div class="detail-body mt-4">												
	
<table class="table table-sm">
	<thead><tr>
		<th class="status-col">Status</th>
		<th class="timestamp-col">Timestamp</th>
		<th class="details-col">Details</th>
	</tr></thead>
	<tbody>
			<tr class="event-row">
				<td><i class="fa fa-info text-info"></i></td>
				<td>15:59:16</td>
				<td>
Test started									</td>
			</tr>
			<tr class="event-row">
				<td><i class="fa fa-info text-info"></i></td>
				<td>15:59:16</td>
				<td>
Browser is launched									</td>
			</tr>
			<tr class="event-row">
				<td><i class="fa fa-info text-info"></i></td>
				<td>15:59:40</td>
				<td>
Can not reach Thank you page. Check error bellow:									</td>
			</tr>
			<tr class="event-row">
				<td><i class="fa fa-times text-fail"></i></td>
				<td>15:59:40</td>
				<td>
OpenQA.Selenium.StaleElementReferenceException: stale element reference: element is not attached to the page document
  (Session info: chrome=74.0.3729.131)
  (Driver info: chromedriver=2.40.565498 (ea082db3280dd6843ebfb08a625e3eb905c4f5ab),platform=Windows NT 10.0.17763 x86_64)
   at OpenQA.Selenium.Remote.RemoteWebDriver.UnpackAndThrowOnError(Response errorResponse)
   at OpenQA.Selenium.Remote.RemoteWebDriver.Execute(String driverCommandToExecute, Dictionary`2 parameters)
   at OpenQA.Selenium.Remote.RemoteWebElement.Execute(String commandToExecute, Dictionary`2 parameters)
   at OpenQA.Selenium.Remote.RemoteWebElement.Click()
   at NUnit.Tests_Parallel.SampleOrders_r1.SampleOrder_r1() in D:\Veneta\Veneta\NUnit.Tests\Parallel_StressTests_MainFlows\SampleOrder.cs:line 42									</td>
			</tr>
			<tr class="event-row">
				<td><i class="fa fa-times text-fail"></i></td>
				<td>15:59:42</td>
				<td>
Snapshot below:AventStack.ExtentReports.ExtentTest									</td>
			</tr>
	</tbody>
</table>

</div>    
<div class="detail-foot">
	<ul class="attachments">
		<li>
			<a href="D:\Veneta\Veneta\NUnit.Tests\Screenshot\Sample Order\screen4.jpeg" data-featherlight="image">
				<div class="file-icon">
					<i class="fa fa-file-image-o"></i> 
				</div>
				<div class="file-info">
		                <span class="file-name">screen4.jpeg</span>
		                <span class="file-size"> 134092Kb</span>
				</div>
			</a>
		</li>
	</ul>
</div>
											</div>
										</li>
										<li class="test-item" status="fail" author="" device="" tag=""> 
											<div class="status-avatar fail-bg">
												<i class="fa fa-times text-white"></i>
											</div>
											<div class="open-test">
												<div class="test-detail"> 
													<p class="name">Advisor_Request</p> 
													<p class="duration text-sm">0h:0m:3s+492ms</p> 
													<span class="datetime">15:59:18 PM</span>
												</div>
											</div>
											<div class="test-contents d-none">
												<div class="detail-head">
													<div class="p-v-10 d-inline-block">	
														<div class="info">
															<h5 class="test-status text-fail">Advisor_Request</h5>
															<span class='badge badge-success'>5/8/2019 3:59:18 PM</span>
															<span class='badge badge-danger'>5/8/2019 3:59:22 PM</span>
															<span class='badge badge-default'>0h:0m:3s+492ms</span>
														</div>
																											</div>
												</div>
<div class="detail-body mt-4">												
	
<table class="table table-sm">
	<thead><tr>
		<th class="status-col">Status</th>
		<th class="timestamp-col">Timestamp</th>
		<th class="details-col">Details</th>
	</tr></thead>
	<tbody>
			<tr class="event-row">
				<td><i class="fa fa-info text-info"></i></td>
				<td>15:59:18</td>
				<td>
Test started									</td>
			</tr>
			<tr class="event-row">
				<td><i class="fa fa-info text-info"></i></td>
				<td>15:59:18</td>
				<td>
Browser is launched									</td>
			</tr>
			<tr class="event-row">
				<td><i class="fa fa-info text-info"></i></td>
				<td>15:59:22</td>
				<td>
Can not reach Thank you page. Check error bellow:									</td>
			</tr>
			<tr class="event-row">
				<td><i class="fa fa-times text-fail"></i></td>
				<td>15:59:22</td>
				<td>
OpenQA.Selenium.NoSuchElementException: no such element: Unable to locate element: {"method":"id","selector":"cphContent_cphContentMain_ctl00_ctl00_rptSubjectFields_txtVoornaam_0"}
  (Session info: chrome=74.0.3729.131)
  (Driver info: chromedriver=2.40.565498 (ea082db3280dd6843ebfb08a625e3eb905c4f5ab),platform=Windows NT 10.0.17763 x86_64)
   at OpenQA.Selenium.Remote.RemoteWebDriver.UnpackAndThrowOnError(Response errorResponse)
   at OpenQA.Selenium.Remote.RemoteWebDriver.Execute(String driverCommandToExecute, Dictionary`2 parameters)
   at OpenQA.Selenium.Remote.RemoteWebDriver.FindElement(String mechanism, String value)
   at OpenQA.Selenium.Remote.RemoteWebDriver.FindElementById(String id)
   at OpenQA.Selenium.By.<>c__DisplayClass16_0.<Id>b__0(ISearchContext context)
   at OpenQA.Selenium.By.FindElement(ISearchContext context)
   at OpenQA.Selenium.Remote.RemoteWebDriver.FindElement(By by)
   at NUnit.Tests_Parallel.CommonFunctionsUtility_StressTests.AddInput(String inputId, String input) in D:\Veneta\Veneta\NUnit.Tests\Parallel_StressTests_MainFlows\CommonFunctionsUtility_StressTests.cs:line 145
   at NUnit.Tests_Parallel.AdvisorRequests_r1.AdvisorRequest_r1() in D:\Veneta\Veneta\NUnit.Tests\Parallel_StressTests_MainFlows\AdvisorRequest_r1.cs:line 39									</td>
			</tr>
	</tbody>
</table>

</div>    
											</div>
										</li>
										<li class="test-item" status="fail" author="" device="" tag=""> 
											<div class="status-avatar fail-bg">
												<i class="fa fa-times text-white"></i>
											</div>
											<div class="open-test">
												<div class="test-detail"> 
													<p class="name">ProductOrder_Plissegordijnen</p> 
													<p class="duration text-sm">0h:0m:6s+920ms</p> 
													<span class="datetime">15:59:32 PM</span>
												</div>
											</div>
											<div class="test-contents d-none">
												<div class="detail-head">
													<div class="p-v-10 d-inline-block">	
														<div class="info">
															<h5 class="test-status text-fail">ProductOrder_Plissegordijnen</h5>
															<span class='badge badge-success'>5/8/2019 3:59:32 PM</span>
															<span class='badge badge-danger'>5/8/2019 3:59:39 PM</span>
															<span class='badge badge-default'>0h:0m:6s+920ms</span>
														</div>
																											</div>
												</div>
<div class="detail-body mt-4">												
	
<table class="table table-sm">
	<thead><tr>
		<th class="status-col">Status</th>
		<th class="timestamp-col">Timestamp</th>
		<th class="details-col">Details</th>
	</tr></thead>
	<tbody>
			<tr class="event-row">
				<td><i class="fa fa-info text-info"></i></td>
				<td>15:59:32</td>
				<td>
Test started									</td>
			</tr>
			<tr class="event-row">
				<td><i class="fa fa-info text-info"></i></td>
				<td>15:59:32</td>
				<td>
Browser is launched									</td>
			</tr>
			<tr class="event-row">
				<td><i class="fa fa-info text-info"></i></td>
				<td>15:59:39</td>
				<td>
Can not reach Thank you page. Check error bellow:									</td>
			</tr>
			<tr class="event-row">
				<td><i class="fa fa-times text-fail"></i></td>
				<td>15:59:39</td>
				<td>
OpenQA.Selenium.NoSuchElementException: no such element: Unable to locate element: {"method":"css selector","selector":"ul.nav.navbar-nav li:nth-child(2)"}
  (Session info: chrome=74.0.3729.131)
  (Driver info: chromedriver=2.40.565498 (ea082db3280dd6843ebfb08a625e3eb905c4f5ab),platform=Windows NT 10.0.17763 x86_64)
   at OpenQA.Selenium.Remote.RemoteWebDriver.UnpackAndThrowOnError(Response errorResponse)
   at OpenQA.Selenium.Remote.RemoteWebDriver.Execute(String driverCommandToExecute, Dictionary`2 parameters)
   at OpenQA.Selenium.Remote.RemoteWebDriver.FindElement(String mechanism, String value)
   at OpenQA.Selenium.Remote.RemoteWebDriver.FindElementByCssSelector(String cssSelector)
   at OpenQA.Selenium.By.<>c__DisplayClass23_0.<CssSelector>b__0(ISearchContext context)
   at OpenQA.Selenium.By.FindElement(ISearchContext context)
   at OpenQA.Selenium.Remote.RemoteWebDriver.FindElement(By by)
   at NUnit.Tests_Parallel.ProductOrder_Plissegordijnens.ProductOrder_Plissegordijnen() in D:\Veneta\Veneta\NUnit.Tests\Parallel_StressTests_MainFlows\ProductOrder_Plissegordijnen.cs:line 40									</td>
			</tr>
			<tr class="event-row">
				<td><i class="fa fa-times text-fail"></i></td>
				<td>15:59:39</td>
				<td>
Snapshot below:AventStack.ExtentReports.ExtentTest									</td>
			</tr>
	</tbody>
</table>

</div>    
<div class="detail-foot">
	<ul class="attachments">
		<li>
			<a href="D:\Veneta\Veneta\NUnit.Tests\Screenshot\Sample Order\screen2.jpeg" data-featherlight="image">
				<div class="file-icon">
					<i class="fa fa-file-image-o"></i> 
				</div>
				<div class="file-info">
		                <span class="file-name">screen2.jpeg</span>
		                <span class="file-size"> 55377Kb</span>
				</div>
			</a>
		</li>
	</ul>
</div>
											</div>
										</li>
										<li class="test-item" status="fail" author="" device="" tag=""> 
											<div class="status-avatar fail-bg">
												<i class="fa fa-times text-white"></i>
											</div>
											<div class="open-test">
												<div class="test-detail"> 
													<p class="name">ProductOrder_HoutenJaloezieen</p> 
													<p class="duration text-sm">0h:0m:25s+329ms</p> 
													<span class="datetime">15:59:32 PM</span>
												</div>
											</div>
											<div class="test-contents d-none">
												<div class="detail-head">
													<div class="p-v-10 d-inline-block">	
														<div class="info">
															<h5 class="test-status text-fail">ProductOrder_HoutenJaloezieen</h5>
															<span class='badge badge-success'>5/8/2019 3:59:32 PM</span>
															<span class='badge badge-danger'>5/8/2019 3:59:58 PM</span>
															<span class='badge badge-default'>0h:0m:25s+329ms</span>
														</div>
																											</div>
												</div>
<div class="detail-body mt-4">												
	
<table class="table table-sm">
	<thead><tr>
		<th class="status-col">Status</th>
		<th class="timestamp-col">Timestamp</th>
		<th class="details-col">Details</th>
	</tr></thead>
	<tbody>
			<tr class="event-row">
				<td><i class="fa fa-info text-info"></i></td>
				<td>15:59:32</td>
				<td>
Test started									</td>
			</tr>
			<tr class="event-row">
				<td><i class="fa fa-info text-info"></i></td>
				<td>15:59:32</td>
				<td>
Browser is launched									</td>
			</tr>
			<tr class="event-row">
				<td><i class="fa fa-info text-info"></i></td>
				<td>15:59:52</td>
				<td>
Can not reach Thank you page. Check error bellow:									</td>
			</tr>
			<tr class="event-row">
				<td><i class="fa fa-times text-fail"></i></td>
				<td>15:59:58</td>
				<td>
OpenQA.Selenium.NoSuchWindowException: no such window: target window already closed
from unknown error: web view not found
  (Session info: chrome=74.0.3729.131)
  (Driver info: chromedriver=2.40.565498 (ea082db3280dd6843ebfb08a625e3eb905c4f5ab),platform=Windows NT 10.0.17763 x86_64)
   at OpenQA.Selenium.Remote.RemoteWebDriver.UnpackAndThrowOnError(Response errorResponse)
   at OpenQA.Selenium.Remote.RemoteWebDriver.Execute(String driverCommandToExecute, Dictionary`2 parameters)
   at OpenQA.Selenium.Remote.RemoteWebDriver.FindElement(String mechanism, String value)
   at OpenQA.Selenium.Remote.RemoteWebDriver.FindElementByCssSelector(String cssSelector)
   at OpenQA.Selenium.By.<>c__DisplayClass23_0.<CssSelector>b__0(ISearchContext context)
   at OpenQA.Selenium.By.FindElement(ISearchContext context)
   at OpenQA.Selenium.Remote.RemoteWebDriver.FindElement(By by)
   at NUnit.Tests_Parallel.ProductOrder_HoutenJaloezieens_r1.ProductOrder_HoutenJaloezieen_r1() in D:\Veneta\Veneta\NUnit.Tests\Parallel_StressTests_MainFlows\ProductOrder_HoutenJaloezieen.cs:line 38									</td>
			</tr>
	</tbody>
</table>

</div>    
											</div>
										</li>
										<li class="test-item" status="fail" author="" device="" tag=""> 
											<div class="status-avatar fail-bg">
												<i class="fa fa-times text-white"></i>
											</div>
											<div class="open-test">
												<div class="test-detail"> 
													<p class="name">ProductOrder_HoutenJaloezieen</p> 
													<p class="duration text-sm">0h:0m:26s+035ms</p> 
													<span class="datetime">15:59:34 PM</span>
												</div>
											</div>
											<div class="test-contents d-none">
												<div class="detail-head">
													<div class="p-v-10 d-inline-block">	
														<div class="info">
															<h5 class="test-status text-fail">ProductOrder_HoutenJaloezieen</h5>
															<span class='badge badge-success'>5/8/2019 3:59:34 PM</span>
															<span class='badge badge-danger'>5/8/2019 4:00:00 PM</span>
															<span class='badge badge-default'>0h:0m:26s+035ms</span>
														</div>
																											</div>
												</div>
<div class="detail-body mt-4">												
	
<table class="table table-sm">
	<thead><tr>
		<th class="status-col">Status</th>
		<th class="timestamp-col">Timestamp</th>
		<th class="details-col">Details</th>
	</tr></thead>
	<tbody>
			<tr class="event-row">
				<td><i class="fa fa-info text-info"></i></td>
				<td>15:59:34</td>
				<td>
Test started									</td>
			</tr>
			<tr class="event-row">
				<td><i class="fa fa-info text-info"></i></td>
				<td>15:59:34</td>
				<td>
Browser is launched									</td>
			</tr>
			<tr class="event-row">
				<td><i class="fa fa-info text-info"></i></td>
				<td>15:59:57</td>
				<td>
Can not reach Thank you page. Check error bellow:									</td>
			</tr>
			<tr class="event-row">
				<td><i class="fa fa-times text-fail"></i></td>
				<td>16:00:00</td>
				<td>
System.InvalidOperationException: chrome not reachable
  (Session info: chrome=74.0.3729.131)
  (Driver info: chromedriver=2.40.565498 (ea082db3280dd6843ebfb08a625e3eb905c4f5ab),platform=Windows NT 10.0.17763 x86_64) (100)
   at OpenQA.Selenium.Remote.RemoteWebDriver.UnpackAndThrowOnError(Response errorResponse)
   at OpenQA.Selenium.Remote.RemoteWebDriver.Execute(String driverCommandToExecute, Dictionary`2 parameters)
   at OpenQA.Selenium.Remote.RemoteWebDriver.FindElement(String mechanism, String value)
   at OpenQA.Selenium.Remote.RemoteWebDriver.FindElementByCssSelector(String cssSelector)
   at OpenQA.Selenium.By.<>c__DisplayClass23_0.<CssSelector>b__0(ISearchContext context)
   at OpenQA.Selenium.By.FindElement(ISearchContext context)
   at OpenQA.Selenium.Remote.RemoteWebDriver.FindElement(By by)
   at NUnit.Tests_Parallel.ProductOrder_HoutenJaloezieens_r2.ProductOrder_HoutenJaloezieen_r2() in D:\Veneta\Veneta\NUnit.Tests\Parallel_StressTests_MainFlows\ProductOrder_HoutenJaloezieens2.cs:line 43									</td>
			</tr>
	</tbody>
</table>

</div>    
											</div>
										</li>
										<li class="test-item" status="fail" author="" device="" tag=""> 
											<div class="status-avatar fail-bg">
												<i class="fa fa-times text-white"></i>
											</div>
											<div class="open-test">
												<div class="test-detail"> 
													<p class="name">Sample_Order</p> 
													<p class="duration text-sm">0h:0m:22s+737ms</p> 
													<span class="datetime">15:59:35 PM</span>
												</div>
											</div>
											<div class="test-contents d-none">
												<div class="detail-head">
													<div class="p-v-10 d-inline-block">	
														<div class="info">
															<h5 class="test-status text-fail">Sample_Order</h5>
															<span class='badge badge-success'>5/8/2019 3:59:35 PM</span>
															<span class='badge badge-danger'>5/8/2019 3:59:58 PM</span>
															<span class='badge badge-default'>0h:0m:22s+737ms</span>
														</div>
																											</div>
												</div>
<div class="detail-body mt-4">												
	
<table class="table table-sm">
	<thead><tr>
		<th class="status-col">Status</th>
		<th class="timestamp-col">Timestamp</th>
		<th class="details-col">Details</th>
	</tr></thead>
	<tbody>
			<tr class="event-row">
				<td><i class="fa fa-info text-info"></i></td>
				<td>15:59:35</td>
				<td>
Test started									</td>
			</tr>
			<tr class="event-row">
				<td><i class="fa fa-info text-info"></i></td>
				<td>15:59:35</td>
				<td>
Browser is launched									</td>
			</tr>
			<tr class="event-row">
				<td><i class="fa fa-info text-info"></i></td>
				<td>15:59:53</td>
				<td>
Can not reach Thank you page. Check error bellow:									</td>
			</tr>
			<tr class="event-row">
				<td><i class="fa fa-times text-fail"></i></td>
				<td>15:59:58</td>
				<td>
System.InvalidOperationException: chrome not reachable
  (Session info: chrome=74.0.3729.131)
  (Driver info: chromedriver=2.40.565498 (ea082db3280dd6843ebfb08a625e3eb905c4f5ab),platform=Windows NT 10.0.17763 x86_64) (100)
   at OpenQA.Selenium.Remote.RemoteWebDriver.UnpackAndThrowOnError(Response errorResponse)
   at OpenQA.Selenium.Remote.RemoteWebDriver.Execute(String driverCommandToExecute, Dictionary`2 parameters)
   at OpenQA.Selenium.Remote.RemoteWebDriver.FindElement(String mechanism, String value)
   at OpenQA.Selenium.Remote.RemoteWebDriver.FindElementById(String id)
   at OpenQA.Selenium.By.<>c__DisplayClass16_0.<Id>b__0(ISearchContext context)
   at OpenQA.Selenium.By.FindElement(ISearchContext context)
   at OpenQA.Selenium.Remote.RemoteWebDriver.FindElement(By by)
   at NUnit.Tests_Parallel.CommonFunctionsUtility_StressTests.Click(String elemId) in D:\Veneta\Veneta\NUnit.Tests\Parallel_StressTests_MainFlows\CommonFunctionsUtility_StressTests.cs:line 149
   at NUnit.Tests_Parallel.SampleOrders.SampleOrder() in D:\Veneta\Veneta\NUnit.Tests\Parallel_StressTests_MainFlows\SampleOrder2.cs:line 37									</td>
			</tr>
	</tbody>
</table>

</div>    
											</div>
										</li>
										<li class="test-item" status="fail" author="" device="" tag=""> 
											<div class="status-avatar fail-bg">
												<i class="fa fa-times text-white"></i>
											</div>
											<div class="open-test">
												<div class="test-detail"> 
													<p class="name">ProductOrder_HoutenJaloezieen</p> 
													<p class="duration text-sm">0h:0m:10s+233ms</p> 
													<span class="datetime">15:59:36 PM</span>
												</div>
											</div>
											<div class="test-contents d-none">
												<div class="detail-head">
													<div class="p-v-10 d-inline-block">	
														<div class="info">
															<h5 class="test-status text-fail">ProductOrder_HoutenJaloezieen</h5>
															<span class='badge badge-success'>5/8/2019 3:59:36 PM</span>
															<span class='badge badge-danger'>5/8/2019 3:59:46 PM</span>
															<span class='badge badge-default'>0h:0m:10s+233ms</span>
														</div>
																											</div>
												</div>
<div class="detail-body mt-4">												
	
<table class="table table-sm">
	<thead><tr>
		<th class="status-col">Status</th>
		<th class="timestamp-col">Timestamp</th>
		<th class="details-col">Details</th>
	</tr></thead>
	<tbody>
			<tr class="event-row">
				<td><i class="fa fa-info text-info"></i></td>
				<td>15:59:36</td>
				<td>
Test started									</td>
			</tr>
			<tr class="event-row">
				<td><i class="fa fa-info text-info"></i></td>
				<td>15:59:36</td>
				<td>
Browser is launched									</td>
			</tr>
			<tr class="event-row">
				<td><i class="fa fa-info text-info"></i></td>
				<td>15:59:45</td>
				<td>
Can not reach Thank you page. Check error bellow:									</td>
			</tr>
			<tr class="event-row">
				<td><i class="fa fa-times text-fail"></i></td>
				<td>15:59:45</td>
				<td>
OpenQA.Selenium.NoSuchElementException: no such element: Unable to locate element: {"method":"css selector","selector":"ul.nav.navbar-nav li:first-child"}
  (Session info: chrome=74.0.3729.131)
  (Driver info: chromedriver=2.40.565498 (ea082db3280dd6843ebfb08a625e3eb905c4f5ab),platform=Windows NT 10.0.17763 x86_64)
   at OpenQA.Selenium.Remote.RemoteWebDriver.UnpackAndThrowOnError(Response errorResponse)
   at OpenQA.Selenium.Remote.RemoteWebDriver.Execute(String driverCommandToExecute, Dictionary`2 parameters)
   at OpenQA.Selenium.Remote.RemoteWebDriver.FindElement(String mechanism, String value)
   at OpenQA.Selenium.Remote.RemoteWebDriver.FindElementByCssSelector(String cssSelector)
   at OpenQA.Selenium.By.<>c__DisplayClass23_0.<CssSelector>b__0(ISearchContext context)
   at OpenQA.Selenium.By.FindElement(ISearchContext context)
   at OpenQA.Selenium.Remote.RemoteWebDriver.FindElement(By by)
   at NUnit.Tests_Parallel.ProductOrder_HoutenJaloezieens.ProductOrder_HoutenJaloezieen() in D:\Veneta\Veneta\NUnit.Tests\Parallel_StressTests_MainFlows\ProductOrder_HoutenJaloezieen1.cs:line 36									</td>
			</tr>
			<tr class="event-row">
				<td><i class="fa fa-times text-fail"></i></td>
				<td>15:59:46</td>
				<td>
Snapshot below:AventStack.ExtentReports.ExtentTest									</td>
			</tr>
	</tbody>
</table>

</div>    
<div class="detail-foot">
	<ul class="attachments">
		<li>
			<a href="D:\Veneta\Veneta\NUnit.Tests\Screenshot\Sample Order\screen11.jpeg" data-featherlight="image">
				<div class="file-icon">
					<i class="fa fa-file-image-o"></i> 
				</div>
				<div class="file-info">
		                <span class="file-name">screen11.jpeg</span>
		                <span class="file-size"> 55377Kb</span>
				</div>
			</a>
		</li>
	</ul>
</div>
											</div>
										</li>
                                </ul>    
                            </div>
                        </div>
                        <div class="test-content scrollable">
                            <div class="test-content-tools">
                                <ul>
                                    <li>
                                        <a class="back-to-test" href="javascript:void(0)">
                                            <i class="fa fa-arrow-left"></i>
                                        </a>
                                    </li>
                                </ul>
                            </div>
                            <div class="test-content-detail">
                                <div class="detail-body"></div>
                            </div>
                        </div>
                    </div>
                </div>
            </div>
        </div>
    </div>
	<script type='text/javascript'>
	
</script>
<script src="https://cdn.rawgit.com/extent-framework/extent-github-cdn/f97b667/spark/js/script.js"></script>

</body>

</html>